<?xml version="1.0" encoding="UTF-8"?>
<!-- Generated by org.testng.reporters.JUnitReportReporter -->
<testsuite hostname="Kavithas-Air.lan" failures="0" tests="1" name="testCases.TC_001_AccountregistrationTest" time="3.700" errors="0" timestamp="2024-08-21T15:49:12 EDT" skipped="0">
  <testcase classname="testCases.TC_001_AccountregistrationTest" name="verify_account_registration" time="3.700"/>
</testsuite> <!-- testCases.TC_001_AccountregistrationTest -->
